{"/Users/zervantozhao/Desktop/code/work/demo/z-shape/src/drawRedRect.js": {"path":"/Users/zervantozhao/Desktop/code/work/demo/z-shape/src/drawRedRect.js","statementMap":{"0":{"start":{"line":2,"column":15},"end":{"line":2,"column":77}},"1":{"start":{"line":3,"column":2},"end":{"line":3,"column":28}},"2":{"start":{"line":4,"column":2},"end":{"line":4,"column":28}},"3":{"start":{"line":5,"column":2},"end":{"line":5,"column":35}},"4":{"start":{"line":6,"column":2},"end":{"line":6,"column":34}},"5":{"start":{"line":7,"column":2},"end":{"line":7,"column":35}},"6":{"start":{"line":8,"column":2},"end":{"line":8,"column":24}}},"fnMap":{"0":{"name":"drawRedRect","decl":{"start":{"line":1,"column":16},"end":{"line":1,"column":27}},"loc":{"start":{"line":1,"column":33},"end":{"line":9,"column":1}},"line":1}},"branchMap":{},"s":{"0":1,"1":1,"2":1,"3":1,"4":1,"5":1,"6":1},"f":{"0":1},"b":{},"_coverageSchema":"43e27e138ebf9cfc5966b082cf9a028302ed4184","hash":"ed62595bd309c601a795669e7d3e8c02b5f7913a"}
,"/Users/zervantozhao/Desktop/code/work/demo/z-shape/src/index.js": {"path":"/Users/zervantozhao/Desktop/code/work/demo/z-shape/src/index.js","statementMap":{},"fnMap":{},"branchMap":{},"s":{},"f":{},"b":{},"_coverageSchema":"43e27e138ebf9cfc5966b082cf9a028302ed4184","hash":"768766ad8c7ba994efe5e8201d0965a6a58db452"}
}
